
68937393 Received abc.zyk.3
68937393 Done
47062402 Received abc.zyk.3
47062402 Done
30620607 Received abc.zyk.1
30620607 Done
77651520 Received abc.zyk.2
77651520 Done
50703505 Received abc.zyk.3
89445958 Received abc.zyk.3
89445958 Done
74989245 Received abc.zyk.3
74989245 Done
1672880 Received abc.zyk.1
1672880 Done
38694534 Received abc.zyk.2
38694534 Done
19607089 Received abc.zyk.3
19607089 Done
27059347 Received abc.zyk.313730
27059347 Done
59286824 Received abc.zyk.313760
59286824 Done
40019163 Received abc.zyk.313772
40019163 Done
70788048 Received abc.zyk.313782
19723405 Received abc.zyk.3
19723405 Done
98867163 Received abc.zyk.3
98867163 Done
43925148 Received abc.zyk.1
43925148 Done
93463192 Received abc.zyk.2
93463192 Done
26337627 Received abc.zyk.3
26337627 Done
58109798 Received abc.zyk.313730
58109798 Done
38722077 Received abc.zyk.313760
38722077 Done
94906671 Received abc.zyk.313772
94906671 Done
77755275 Received abc.zyk.313782
77755275 Done
45601837 Received abc.zyk.313794
45601837 Done
73990087 Received abc.zyk.313810
73990087 Done
55891572 Received abc.zyk.3
55891572 Done
36407362 Received abc.zyk.3
36407362 Done
71237229 Received abc.zyk.1
71237229 Done
16899792 Received abc.zyk.2
16899792 Done
96043639 Received abc.zyk.3
96043639 Done
1678897 Received abc.zyk.313730
1678897 Done
42063814 Received abc.zyk.313760
42063814 Done
97879362 Received abc.zyk.313772
97879362 Done
74577192 Received abc.zyk.313782
74577192 Done
91871443 Received abc.zyk.313794
91871443 Done
10863703 Received abc.zyk.313810
10863703 Done
19296444 Received abc.zyk.3
19296444 Done
3237648 Received abc.zyk.3
3237648 Done
40181796 Received abc.zyk.3
40181796 Done
32222659 Received abc.zyk.3
32222659 Done
31319647 Received abc.zyk.216527
31319647 Done
4898434 Received abc.zyk.216527
4898434 Done
32028152 Received abc.zyk18295
32028152 Done
86894758 Received abc.zyk18307
86894758 Done
20851737 Received abc.zyk18317
76302442 Received abc.zyk18317
76302442 Done
62008573 Received abc.zyk18329
62008573 Done
52691123 Received abc.zyk19200
52691123 Done
32942264 Received abc.zyk19462
32942264 Done
15350624 Received abc.zyk19530
15350624 Done
84052126 Received abc.zyk19530
84052126 Done
38158209 Received abc.zyk19542
38158209 Done
25422526 Received abc.zyk19581
25422526 Done
16573559 Received abc.zyk19593
16573559 Done
22215371 Received abc.zyk19672
22215371 Done
97082952 Received abc.zyk19763
97082952 Done
44690655 Received abc.zyk19777
44690655 Done
34839400 Received abc.zyk19789
34839400 Done
65129645 Received abc.zyk19800
65129645 Done
63356885 Received abc.zyk19812
63356885 Done
44483465 Received abc.zyk19824
44483465 Done
21692774 Received abc.zyk19834
2356886 Received abc.zyk19834
2356886 Done
70504699 Received abc.zyk19846
70504699 Done
62008588 Received abc.zyk19856
62008588 Done
26384699 Received abc.zyk20006
88255414 Received abc.zyk20006
88255414 Done
15033157 Received abc.zyk20018
15033157 Done
908894 Received abc.zyk20030
908894 Done
92567622 Received abc.zyk20159
28985631 Received abc.zyk20171
92567622 Done
92759361 Received abc.zyk20189
28985631 Done
24659479 Received abc.zyk20201
92759361 Done
24659479 Done
72663770 Received abc.zyk20301
36884939 Received abc.zyk20311
72663770 Done
78584130 Received abc.zyk20323
36884939 Done
26403206 Received abc.zyk20333
78584130 Done
7838312 Received abc.zyk20345
26403206 Done
7838312 Done
57921400 Received abc.zyk20782
57921400 Done
22641750 Received abc.zyk20842
51090471 Received abc.zyk20854
22641750 Done
90993630 Received abc.zyk20864
51090471 Done
84062235 Received abc.zyk20880
90993630 Done
986970 Received abc.zyk20894
84062235 Done
19114711 Received abc.zyk20910
986970 Done
19114711 Done
 Received 92922
 Done
 Received 93050
 Done
 Received 93068
 Done
 Received 93080
 Done
 Received 93730
 Done
 Received 93748
 Done
 Received 93784
 Done
 Received 93798
 Done
 Received 93808
 Done
 Received 93820
 Done
 Received 93830
 Done
 Received 94269
 Done
 Received 94283
 Done
 Received 94299
 Done
 Received 94311
 Done
 Received 94323
 Done
 Received 95134
 Received 95134
 Done
 Done
 Received 95148
 Received 95148
 Done
 Done
 Received 95160
 Received 95160
 Done
 Done
 Received 95174
 Received 95174
 Done
 Done
 Received 96465
 Done
 Received 97503
 Done
 Received 97594
 Done
 Received 98003
 Done
 Received 98029
 Done
 Received 10775
 Done
 Received 10793
 Done
 Received 10809
 Done
 Received 10855
 Done
 Received 11464
 Done
 Received 11490
 Done
 Received 11722
 Done
 Received 11742
 Done
 Received 11770
 Done
 Received 11788
 Done
 Received 11907warning
 Done
 Received 11932error
 Done
 Received 11944warning
 Done
 Received 11956error
 Done
 Received 11968error
 Done
 Received 11978info
 Done
 Received 11990error
 Done
 Received 12006info
 Done
 Received 12016warning
 Done
 Received 12030info
 Done
 Received 12040error
 Done
 Received 12052other
 Done
 Received 12066other
 Done
 Received 49955
 Done
 Received 50051
 Done
 Received 50067
 Done
 Received 50083
 Done
 Received 50099
 Done
 Received 50113
 Done
 Received 50123
 Done
